<?xml version="1.0" encoding="UTF-8"?>
<!-- Generated by org.testng.reporters.JUnitReportReporter -->
<testsuite skipped="0" hostname="DESKTOP-3QHRF2P" name="com.BuildCRM1.Leads.CreateLeadsTest" tests="1" failures="0" timestamp="2021-11-10T14:44:53 IST" time="0.021" errors="0">
  <testcase name="CreateLeads" time="0.021" classname="com.BuildCRM1.Leads.CreateLeadsTest"/>
  <system-out>
    <![CDATA[Leads Successfully created]]>
  </system-out>
</testsuite> <!-- com.BuildCRM1.Leads.CreateLeadsTest -->
